2026-07-03 11:36:39,115 [INFO] midas_floorload_auto_v4 - 설정을 저장했습니다: D:\MIDAS FLOOR LOAD TOOL\user_config\midas_floorload_auto_config.local.json
2026-07-03 11:36:46,420 [INFO] midas_floorload_auto_v4 - [모델 열기/MGT Export] 시작
2026-07-03 11:36:46,435 [INFO] midas_floorload_auto_v4 - MIDAS API request attempt=1/2 method=POST endpoint=doc/OPEN body={'Argument': 'C:\\모델링\\241025_반포동 모델링.mgbx'}
2026-07-03 11:36:54,581 [INFO] midas_floorload_auto_v4 - MIDAS API response endpoint=doc/OPEN status=200 text={"message":"MIDAS GEN NX command complete"}
2026-07-03 11:36:54,582 [INFO] midas_floorload_auto_v4 - MIDAS API request attempt=1/2 method=POST endpoint=doc/EXPORTMXT body={'Argument': 'D:\\MIDAS FLOOR LOAD TOOL\\output\\mgt\\241025_반포동 모델링_exported.mgt'}
2026-07-03 11:36:55,345 [INFO] midas_floorload_auto_v4 - MIDAS API response endpoint=doc/EXPORTMXT status=200 text={"message":"MIDAS GEN NX command complete"}
2026-07-03 11:36:55,438 [INFO] midas_floorload_auto_v4 - [모델 열기/MGT Export] 완료: 모델 열기 및 MGT export 완료: D:\MIDAS FLOOR LOAD TOOL\output\mgt\241025_반포동 모델링_exported.mgt
2026-07-03 11:36:55,466 [INFO] midas_floorload_auto_v4 - Story 선택: B3
2026-07-03 11:37:14,359 [INFO] midas_floorload_auto_v4 - [PDF 하중 분석] 시작
2026-07-03 11:37:21,550 [INFO] midas_floorload_auto_v4 - [PDF 하중 분석] 완료: PDF 분석 완료: 유효 28개, 검토/제외 30개, MGTX=D:\MIDAS FLOOR LOAD TOOL\output\pdf_jobs\241025_반포동_모델링_pdf_load\output\midas_auto_define_floor_load_type.mgtx
2026-07-03 11:38:08,734 [INFO] midas_floorload_auto_v4 - [DXF 템플릿 생성] 시작
2026-07-03 11:38:08,876 [INFO] midas_floorload_auto_v4 - [DXF 템플릿 생성] 완료: DXF 템플릿 생성 완료: D:\MIDAS FLOOR LOAD TOOL\output\dxf_templates\241025_반포동_모델링_B3_floorload_template.dxf
레이어 매핑: D:\MIDAS FLOOR LOAD TOOL\output\dxf_templates\241025_반포동_모델링_B3_floorload_template.layer_mapping.json
표현 요소 수: 40
2026-07-03 12:17:43,882 [INFO] midas_floorload_auto_v4 - [API 연결 테스트] 시작
2026-07-03 12:17:43,890 [INFO] midas_floorload_auto_v4 - MIDAS API request attempt=1/2 method=GET endpoint=db/STOR body=None
2026-07-03 12:17:44,383 [INFO] midas_floorload_auto_v4 - MIDAS API response endpoint=db/STOR status=200 text={"STOR":{"1":{"STORY_NAME":"B3","STORY_LEVEL":-7.1,"bFLOOR_DIAPHRAGM":false,"WIND_FLOOR_WIDTH_X":13.2,"WIND_FLOOR_WIDTH_Y":16.75,"WIND_CENTER_X":6.6,"WIND_CENTER_Y":8.375,"WIND_ECCENT_X":1.98,"WIND_ECCENT_Y":2.5125,"SEIS_ACC_ECCENT_X":0.66,"SEIS_ACC_ECCENT_Y":0.8375,"SEIS_INHERENT_ECCENT_X":0,"SEIS_INHERENT_ECCENT_Y":0,"SEIS_TORSIONAL_AMP_FACTOR_X":1,"SEIS_TORSIONAL_AMP_FACTOR_Y":1},"2":{"STORY_NAME":"B2","STORY_LEVEL":-5.6,"bFLOOR_DIAPHRAGM":true,"WIND_FLOOR_WIDTH_X":20.8,"WIND_FLOOR_WIDTH_Y":16.75,"WIND_CENTER_X":10.4,"WIND_CENTER_Y":8.375,"WIND_ECCENT_X":3.12,"WIND_ECCENT_Y":2.5125,"SEIS_ACC_ECCENT_X":1.04,"SEIS_ACC_ECCENT_Y":0.8375,"SEIS_INHERENT_ECCENT_X":0,"SEIS_INHERENT_ECCENT_Y":0,"SEIS_TORSIONAL_AMP_FACTOR_X":1,"SEIS_TORSIONAL_AMP_FACTOR_Y":1},"3":{"STORY_NAME":"B1","STORY_LEVEL":-3.05,"bFLOOR_DIAPHRAGM":true,"WIND_FLOOR_WIDTH_X":20.8,"WIND_FLOOR_WIDTH_Y":16.75,"WIND_CENTER_X":10.4,"WIND_CENTER_Y":8.375,"WIND_ECCENT_X":3.12,"WIND_ECCENT_Y":2.5125,"SEIS_ACC_ECCENT_X":1.04,"SEIS...<truncated>
2026-07-03 12:17:44,468 [INFO] midas_floorload_auto_v4 - [API 연결 테스트] 완료: MidasApiResult(ok=True, message='MIDAS Gen NX API 연결에 성공했습니다.', endpoint='db/STOR', data={'STOR': {'1': {'STORY_NAME': 'B3', 'STORY_LEVEL': -7.1, 'bFLOOR_DIAPHRAGM': False, 'WIND_FLOOR_WIDTH_X': 13.2, 'WIND_FLOOR_WIDTH_Y': 16.75, 'WIND_CENTER_X': 6.6, 'WIND_CENTER_Y': 8.375, 'WIND_ECCENT_X': 1.98, 'WIND_ECCENT_Y': 2.5125, 'SEIS_ACC_ECCENT_X': 0.66, 'SEIS_ACC_ECCENT_Y': 0.8375, 'SEIS_INHERENT_ECCENT_X': 0, 'SEIS_INHERENT_ECCENT_Y': 0, 'SEIS_TORSIONAL_AMP_FACTOR_X': 1, 'SEIS_TORSIONAL_AMP_FACTOR_Y': 1}, '2': {'STORY_NAME': 'B2', 'STORY_LEVEL': -5.6, 'bFLOOR_DIAPHRAGM': True, 'WIND_FLOOR_WIDTH_X': 20.8, 'WIND_FLOOR_WIDTH_Y': 16.75, 'WIND_CENTER_X': 10.4, 'WIND_CENTER_Y': 8.375, 'WIND_ECCENT_X': 3.12, 'WIND_ECCENT_Y': 2.5125, 'SEIS_ACC_ECCENT_X': 1.04, 'SEIS_ACC_ECCENT_Y': 0.8375, 'SEIS_INHERENT_ECCENT_X': 0, 'SEIS_INHERENT_ECCENT_Y': 0, 'SEIS_TORSIONAL_AMP_FACTOR_X': 1, 'SEIS_TORSIONAL_AMP_FACTOR_Y': 1}, '3': {'STORY_NAME': 'B1', 'STORY_LEVEL': -3.05, 'bFLOOR_DIAPHRAGM': True, 'WIND_FLOOR_WIDTH_X': 20.8, 'WIND_FLOOR_WIDTH_Y': 16.75, 'WIND_CENTER_X': 10.4, 'WIND_CENTER_Y': 8.375, 'WIND_ECCENT_X': 3.12, 'WIND_ECCENT_Y': 2.5125, 'SEIS_ACC_ECCENT_X': 1.04, 'SEIS_ACC_ECCENT_Y': 0.8375, 'SEIS_INHERENT_ECCENT_X': 0, 'SEIS_INHERENT_ECCENT_Y': 0, 'SEIS_TORSIONAL_AMP_FACTOR_X': 1, 'SEIS_TORSIONAL_AMP_FACTOR_Y': 1}, '4': {'STORY_NAME': '1F', 'STORY_LEVEL': 0, 'bFLOOR_DIAPHRAGM': True, 'WIND_FLOOR_WIDTH_X': 20.8, 'WIND_FLOOR_WIDTH_Y': 15.55, 'WIND_CENTER_X': 10.4, 'WIND_CENTER_Y': 8.375, 'WIND_ECCENT_X': 3.12, 'WIND_ECCENT_Y': 2.5125, 'SEIS_ACC_ECCENT_X': 1.04, 'SEIS_ACC_ECCENT_Y': 0.8375, 'SEIS_INHERENT_ECCENT_X': 0, 'SEIS_INHERENT_ECCENT_Y': 0, 'SEIS_TORSIONAL_AMP_FACTOR_X': 1, 'SEIS_TORSIONAL_AMP_FACTOR_Y': 1}, '5': {'STORY_NAME': '2F', 'STORY_LEVEL': 5, 'bFLOOR_DIAPHRAGM': True, 'WIND_FLOOR_WIDTH_X': 17.4, 'WIND_FLOOR_WIDTH_Y': 11.55, 'WIND_CENTER_X': 10.4, 'WIND_CENTER_Y': 7.775, 'WIND_ECCENT_X': 3.12, 'WIND_ECCENT_Y': 2.3325, 'SEIS_ACC_ECCENT_X': 1.04, 'SEIS_ACC_ECCENT_Y': 0.7775, 'SEIS_INHERENT_ECCENT_X': 0, 'SEIS_INHERENT_ECCENT_Y': 0, 'SEIS_TORSIONAL_AMP_FACTOR_X': 1, 'SEIS_TORSIONAL_AMP_FACTOR_Y': 1}, '6': {'STORY_NAME': '3F', 'STORY_LEVEL': 9.5, 'bFLOOR_DIAPHRAGM': True, 'WIND_FLOOR_WIDTH_X': 14.65, 'WIND_FLOOR_WIDTH_Y': 11.55, 'WIND_CENTER_X': 8.7, 'WIND_CENTER_Y': 5.775, 'WIND_ECCENT_X': 2.61, 'WIND_ECCENT_Y': 1.7325, 'SEIS_ACC_ECCENT_X': 0.87, 'SEIS_ACC_ECCENT_Y': 0.5775, 'SEIS_INHERENT_ECCENT_X': 0, 'SEIS_INHERENT_ECCENT_Y': 0, 'SEIS_TORSIONAL_AMP_FACTOR_X': 1, 'SEIS_TORSIONAL_AMP_FACTOR_Y': 1}, '7': {'STORY_NAME': '4F', 'STORY_LEVEL': 13.4, 'bFLOOR_DIAPHRAGM': True, 'WIND_FLOOR_WIDTH_X': 14.5, 'WIND_FLOOR_WIDTH_Y': 11.55, 'WIND_CENTER_X': 7.325, 'WIND_CENTER_Y': 5.775, 'WIND_ECCENT_X': 2.1975, 'WIND_ECCENT_Y': 1.7325, 'SEIS_ACC_ECCENT_X': 0.7325, 'SEIS_ACC_ECCENT_Y': 0.5775, 'SEIS_INHERENT_ECCENT_X': 0, 'SEIS_INHERENT_ECCENT_Y': 0, 'SEIS_TORSIONAL_AMP_FACTOR_X': 1, 'SEIS_TORSIONAL_AMP_FACTOR_Y': 1}, '8': {'STORY_NAME': '5F', 'STORY_LEVEL': 17.3, 'bFLOOR_DIAPHRAGM': True, 'WIND_FLOOR_WIDTH_X': 14.5, 'WIND_FLOOR_WIDTH_Y': 11.55, 'WIND_CENTER_X': 7.25, 'WIND_CENTER_Y': 5.775, 'WIND_ECCENT_X': 2.175, 'WIND_ECCENT_Y': 1.7325, 'SEIS_ACC_ECCENT_X': 0.725, 'SEIS_ACC_ECCENT_Y': 0.5775, 'SEIS_INHERENT_ECCENT_X': 0, 'SEIS_INHERENT_ECCENT_Y': 0, 'SEIS_TORSIONAL_AMP_FACTOR_X': 1, 'SEIS_TORSIONAL_AMP_FACTOR_Y': 1}, '9': {'STORY_NAME': '6F', 'STORY_LEVEL': 21.2, 'bFLOOR_DIAPHRAGM': True, 'WIND_FLOOR_WIDTH_X': 13.2, 'WIND_FLOOR_WIDTH_Y': 11.55, 'WIND_CENTER_X': 7.25, 'WIND_CENTER_Y': 5.775, 'WIND_ECCENT_X': 2.175, 'WIND_ECCENT_Y': 1.7325, 'SEIS_ACC_ECCENT_X': 0.725, 'SEIS_ACC_ECCENT_Y': 0.5775, 'SEIS_INHERENT_ECCENT_X': 0, 'SEIS_INHERENT_ECCENT_Y': 0, 'SEIS_TORSIONAL_AMP_FACTOR_X': 1, 'SEIS_TORSIONAL_AMP_FACTOR_Y': 1}, '10': {'STORY_NAME': '7F', 'STORY_LEVEL': 25.5, 'bFLOOR_DIAPHRAGM': True, 'WIND_FLOOR_WIDTH_X': 13.2, 'WIND_FLOOR_WIDTH_Y': 11.55, 'WIND_CENTER_X': 6.6, 'WIND_CENTER_Y': 5.775, 'WIND_ECCENT_X': 1.98, 'WIND_ECCENT_Y': 1.7325, 'SEIS_ACC_ECCENT_X': 0.66, 'SEIS_ACC_ECCENT_Y': 0.5775, 'SEIS_INHERENT_ECCENT_X': 0, 'SEIS_INHERENT_ECCENT_Y': 0, 'SEIS_TORSIONAL_AMP_FACTOR_X': 1, 'SEIS_TORSIONAL_AMP_FACTOR_Y': 1}, '11': {'STORY_NAME': '8F', 'STORY_LEVEL': 30.05, 'bFLOOR_DIAPHRAGM': True, 'WIND_FLOOR_WIDTH_X': 13.2, 'WIND_FLOOR_WIDTH_Y': 11.55, 'WIND_CENTER_X': 6.6, 'WIND_CENTER_Y': 5.775, 'WIND_ECCENT_X': 1.98, 'WIND_ECCENT_Y': 1.7325, 'SEIS_ACC_ECCENT_X': 0.66, 'SEIS_ACC_ECCENT_Y': 0.5775, 'SEIS_INHERENT_ECCENT_X': 0, 'SEIS_INHERENT_ECCENT_Y': 0, 'SEIS_TORSIONAL_AMP_FACTOR_X': 1, 'SEIS_TORSIONAL_AMP_FACTOR_Y': 1}, '12': {'STORY_NAME': 'Roof', 'STORY_LEVEL': 34.6, 'bFLOOR_DIAPHRAGM': True, 'WIND_FLOOR_WIDTH_X': 13.2, 'WIND_FLOOR_WIDTH_Y': 11.55, 'WIND_CENTER_X': 6.6, 'WIND_CENTER_Y': 5.775, 'WIND_ECCENT_X': 1.98, 'WIND_ECCENT_Y': 1.7325, 'SEIS_ACC_ECCENT_X': 0.66, 'SEIS_ACC_ECCENT_Y': 0.5775, 'SEIS_INHERENT_ECCENT_X': 0, 'SEIS_INHERENT_ECCENT_Y': 0, 'SEIS_TORSIONAL_AMP_FACTOR_X': 1, 'SEIS_TORSIONAL_AMP_FACTOR_Y': 1}}})
2026-07-03 12:17:59,612 [INFO] midas_floorload_auto_v4 - [모델 열기/MGT Export] 시작
2026-07-03 12:17:59,619 [INFO] midas_floorload_auto_v4 - MIDAS API request attempt=1/2 method=POST endpoint=doc/OPEN body={'Argument': 'C:\\모델링\\241025_반포동 모델링.mgbx'}
2026-07-03 12:18:06,972 [INFO] midas_floorload_auto_v4 - MIDAS API response endpoint=doc/OPEN status=200 text={"message":"MIDAS GEN NX command complete"}
2026-07-03 12:18:06,973 [INFO] midas_floorload_auto_v4 - MIDAS API request attempt=1/2 method=POST endpoint=doc/EXPORTMXT body={'Argument': 'D:\\MIDAS FLOOR LOAD TOOL\\DATA\\mgt\\241025_반포동 모델링_exported.mgt'}
2026-07-03 12:18:07,544 [INFO] midas_floorload_auto_v4 - MIDAS API response endpoint=doc/EXPORTMXT status=200 text={"message":"MIDAS GEN NX command complete"}
2026-07-03 12:18:07,568 [INFO] midas_floorload_auto_v4 - [모델 열기/MGT Export] 완료: 모델 열기 및 MGT export 완료: D:\MIDAS FLOOR LOAD TOOL\DATA\mgt\241025_반포동 모델링_exported.mgt
2026-07-03 12:18:07,591 [INFO] midas_floorload_auto_v4 - Story 선택: B3
2026-07-03 12:18:34,989 [INFO] midas_floorload_auto_v4 - [PDF 하중 분석] 시작
2026-07-03 12:18:36,917 [INFO] midas_floorload_auto_v4 - [PDF 하중 분석] 완료: PDF 분석 완료: 유효 28개, 검토/제외 30개, MGTX=D:\MIDAS FLOOR LOAD TOOL\DATA\pdf_jobs\241025_반포동_모델링_pdf_load\midas_auto_define_floor_load_type.mgtx
2026-07-03 12:18:55,811 [INFO] midas_floorload_auto_v4 - [DXF 템플릿 생성] 시작
2026-07-03 12:18:55,888 [INFO] midas_floorload_auto_v4 - [DXF 템플릿 생성] 완료: DxfTemplateResult(dxf_path=WindowsPath('D:/MIDAS FLOOR LOAD TOOL/DATA/dxf_templates/241025_반포동_모델링_B3_floorload_template.dxf'), mapping_json_path=WindowsPath('D:/MIDAS FLOOR LOAD TOOL/DATA/dxf_templates/241025_반포동_모델링_B3_floorload_template.layer_mapping.json'), mapping_csv_path=WindowsPath('D:/MIDAS FLOOR LOAD TOOL/DATA/dxf_templates/241025_반포동_모델링_B3_floorload_template.layer_mapping.csv'), element_count=40, warning_count=240)
2026-07-03 12:19:11,275 [INFO] midas_floorload_auto_v4 - Story 선택: 3F
2026-07-03 12:19:16,202 [INFO] midas_floorload_auto_v4 - [DXF 템플릿 생성] 시작
2026-07-03 12:19:16,329 [INFO] midas_floorload_auto_v4 - [DXF 템플릿 생성] 완료: DxfTemplateResult(dxf_path=WindowsPath('D:/MIDAS FLOOR LOAD TOOL/DATA/dxf_templates/241025_반포동_모델링_3F_floorload_template.dxf'), mapping_json_path=WindowsPath('D:/MIDAS FLOOR LOAD TOOL/DATA/dxf_templates/241025_반포동_모델링_3F_floorload_template.layer_mapping.json'), mapping_csv_path=WindowsPath('D:/MIDAS FLOOR LOAD TOOL/DATA/dxf_templates/241025_반포동_모델링_3F_floorload_template.layer_mapping.csv'), element_count=70, warning_count=245)
2026-07-03 12:19:57,514 [INFO] midas_floorload_auto_v4 - Story 선택: 5F
2026-07-03 12:19:59,628 [INFO] midas_floorload_auto_v4 - [DXF 템플릿 생성] 시작
2026-07-03 12:19:59,773 [INFO] midas_floorload_auto_v4 - [DXF 템플릿 생성] 완료: DxfTemplateResult(dxf_path=WindowsPath('D:/MIDAS FLOOR LOAD TOOL/DATA/dxf_templates/241025_반포동_모델링_5F_floorload_template.dxf'), mapping_json_path=WindowsPath('D:/MIDAS FLOOR LOAD TOOL/DATA/dxf_templates/241025_반포동_모델링_5F_floorload_template.layer_mapping.json'), mapping_csv_path=WindowsPath('D:/MIDAS FLOOR LOAD TOOL/DATA/dxf_templates/241025_반포동_모델링_5F_floorload_template.layer_mapping.csv'), element_count=72, warning_count=246)
2026-07-03 12:38:23,403 [INFO] midas_floorload_auto_v4 - [모델 열기/MGT Export] 시작
2026-07-03 12:38:23,434 [INFO] midas_floorload_auto_v4 - MIDAS API request attempt=1/2 method=POST endpoint=doc/OPEN body={'Argument': 'C:\\모델링\\241025_반포동 모델링.mgbx'}
2026-07-03 12:38:27,576 [INFO] midas_floorload_auto_v4 - MIDAS API response endpoint=doc/OPEN status=200 text={"message":"MIDAS GEN NX command complete"}
2026-07-03 12:38:27,577 [INFO] midas_floorload_auto_v4 - MIDAS API request attempt=1/2 method=POST endpoint=doc/EXPORTMXT body={'Argument': 'D:\\MIDAS FLOOR LOAD TOOL\\DATA\\mgt\\241025_반포동 모델링_exported.mgt'}
2026-07-03 12:38:28,096 [INFO] midas_floorload_auto_v4 - MIDAS API response endpoint=doc/EXPORTMXT status=200 text={"message":"MIDAS GEN NX command complete"}
2026-07-03 12:38:28,176 [INFO] midas_floorload_auto_v4 - [모델 열기/MGT Export] 완료: 모델 열기 및 MGT export 완료: D:\MIDAS FLOOR LOAD TOOL\DATA\mgt\241025_반포동 모델링_exported.mgt
2026-07-03 12:38:28,204 [INFO] midas_floorload_auto_v4 - Story 선택: B3
2026-07-03 12:38:39,441 [INFO] midas_floorload_auto_v4 - Story 선택: 3F
2026-07-03 12:38:39,995 [INFO] midas_floorload_auto_v4 - [DXF 템플릿 생성] 시작
2026-07-03 12:38:40,008 [ERROR] midas_floorload_auto_v4 - DXF 템플릿 생성 failed
Traceback (most recent call last):
  File "D:\MIDAS FLOOR LOAD TOOL\app\main.py", line 969, in wrapper
    result = fn()
  File "D:\MIDAS FLOOR LOAD TOOL\app\main.py", line 625, in job
    result = write_story_centerline_dxf(
        output_path=out,
    ...<4 lines>...
        story_tolerance=float(self.story_tol_var.get()),
    )
  File "D:\MIDAS FLOOR LOAD TOOL\app\core\dxf_template_writer.py", line 113, in write_story_centerline_dxf
    doc.saveas(out)
    ~~~~~~~~~~^^^^^
  File "D:\MIDAS FLOOR LOAD TOOL\.venv\Lib\site-packages\ezdxf\document.py", line 529, in saveas
    self.save(encoding=encoding, fmt=fmt)
    ~~~~~~~~~^^^^^^^^^^^^^^^^^^^^^^^^^^^^
  File "D:\MIDAS FLOOR LOAD TOOL\.venv\Lib\site-packages\ezdxf\document.py", line 555, in save
    fp = io.open(
        self.filename, mode="wt", encoding=enc, errors="dxfreplace"  # type: ignore
    )
PermissionError: [Errno 13] Permission denied: 'D:\\MIDAS FLOOR LOAD TOOL\\DATA\\dxf_templates\\241025_반포동_모델링_3F_floorload_template.dxf'
2026-07-03 12:38:40,142 [INFO] midas_floorload_auto_v4 - [DXF 템플릿 생성] 오류: [Errno 13] Permission denied: 'D:\\MIDAS FLOOR LOAD TOOL\\DATA\\dxf_templates\\241025_반포동_모델링_3F_floorload_template.dxf'
2026-07-03 12:38:50,973 [INFO] midas_floorload_auto_v4 - [DXF 템플릿 생성] 시작
2026-07-03 12:38:50,981 [ERROR] midas_floorload_auto_v4 - DXF 템플릿 생성 failed
Traceback (most recent call last):
  File "D:\MIDAS FLOOR LOAD TOOL\app\main.py", line 969, in wrapper
    result = fn()
  File "D:\MIDAS FLOOR LOAD TOOL\app\main.py", line 625, in job
    result = write_story_centerline_dxf(
        output_path=out,
    ...<4 lines>...
        story_tolerance=float(self.story_tol_var.get()),
    )
  File "D:\MIDAS FLOOR LOAD TOOL\app\core\dxf_template_writer.py", line 113, in write_story_centerline_dxf
    doc.saveas(out)
    ~~~~~~~~~~^^^^^
  File "D:\MIDAS FLOOR LOAD TOOL\.venv\Lib\site-packages\ezdxf\document.py", line 529, in saveas
    self.save(encoding=encoding, fmt=fmt)
    ~~~~~~~~~^^^^^^^^^^^^^^^^^^^^^^^^^^^^
  File "D:\MIDAS FLOOR LOAD TOOL\.venv\Lib\site-packages\ezdxf\document.py", line 555, in save
    fp = io.open(
        self.filename, mode="wt", encoding=enc, errors="dxfreplace"  # type: ignore
    )
PermissionError: [Errno 13] Permission denied: 'D:\\MIDAS FLOOR LOAD TOOL\\DATA\\dxf_templates\\241025_반포동_모델링_3F_floorload_template.dxf'
2026-07-03 12:38:51,061 [INFO] midas_floorload_auto_v4 - [DXF 템플릿 생성] 오류: [Errno 13] Permission denied: 'D:\\MIDAS FLOOR LOAD TOOL\\DATA\\dxf_templates\\241025_반포동_모델링_3F_floorload_template.dxf'
